SF:lib\features\sources\application\source_controller.dart
DA:6,6
DA:7,3
DA:15,3
DA:17,12
DA:20,2
DA:21,2
DA:22,4
DA:23,10
DA:28,2
DA:29,8
DA:32,2
LF:11
LH:11
end_of_record
SF:lib\features\sources\application\source_import.dart
DA:11,3
DA:22,3
DA:32,3
DA:38,3
DA:39,3
DA:40,3
DA:41,3
DA:42,0
DA:45,3
DA:46,3
DA:50,3
DA:52,6
DA:57,6
DA:60,3
DA:61,6
DA:62,3
DA:63,3
DA:65,1
DA:66,2
DA:68,3
DA:71,3
DA:72,9
DA:73,6
DA:74,6
DA:75,3
LF:25
LH:24
end_of_record
SF:lib\features\sources\application\source_providers.dart
DA:12,0
DA:13,0
DA:14,0
DA:15,0
DA:21,9
DA:22,0
DA:26,8
DA:27,6
DA:31,3
DA:32,0
LF:10
LH:4
end_of_record
SF:lib\features\sources\data\source_repository.dart
DA:7,3
LF:1
LH:1
end_of_record
SF:lib\features\sources\domain\source_document.dart
DA:6,6
DA:8,6
DA:9,12
DA:14,12
DA:16,2
DA:18,4
DA:20,3
DA:21,6
DA:22,3
DA:25,3
DA:26,1
DA:28,3
DA:29,6
DA:30,5
DA:35,2
DA:36,4
DA:37,2
DA:40,2
DA:41,0
DA:43,2
DA:44,4
DA:50,12
DA:53,1
DA:59,1
DA:62,1
DA:65,0
DA:68,0
DA:71,0
DA:74,1
DA:77,6
DA:78,12
DA:79,6
DA:82,0
DA:83,0
DA:86,0
DA:92,0
DA:93,0
LF:37
LH:28
end_of_record
SF:lib\app\app.dart
DA:5,1
DA:7,1
LF:2
LH:2
end_of_record
SF:lib\features\sources\presentation\source_page.dart
DA:12,3
DA:16,2
DA:18,4
DA:20,2
DA:21,2
DA:23,2
DA:24,2
DA:26,2
DA:29,2
DA:31,0
DA:32,0
DA:38,2
DA:39,2
DA:42,2
DA:43,0
DA:44,0
DA:47,4
DA:52,1
DA:53,1
DA:54,3
DA:61,4
DA:64,1
DA:65,4
DA:68,1
DA:69,3
DA:76,2
DA:80,2
DA:82,2
DA:83,2
DA:84,4
DA:85,1
DA:86,1
DA:87,1
DA:90,2
DA:103,2
DA:105,4
DA:113,1
DA:117,1
DA:119,1
DA:120,1
DA:122,1
DA:125,1
DA:126,1
LF:43
LH:39
end_of_record
SF:lib\core\database\app_database.g.dart
DA:11,1
DA:14,2
DA:16,1
DA:21,1
DA:29,2
DA:31,1
DA:40,2
DA:42,1
DA:51,2
DA:53,1
DA:62,2
DA:64,1
DA:73,2
DA:75,1
DA:79,1
DA:85,2
DA:87,1
DA:96,2
DA:98,1
DA:107,2
DA:109,1
DA:118,2
DA:120,1
DA:125,1
DA:126,1
DA:127,1
DA:128,1
DA:129,1
DA:130,1
DA:131,1
DA:132,1
DA:133,1
DA:134,1
DA:135,1
DA:136,1
DA:138,1
DA:139,2
DA:140,1
DA:143,1
DA:148,1
DA:149,1
DA:150,1
DA:151,0
DA:153,1
DA:154,1
DA:156,3
DA:159,0
DA:161,1
DA:162,1
DA:164,3
DA:167,0
DA:169,1
DA:170,1
DA:172,3
DA:175,1
DA:176,1
DA:178,3
DA:181,1
DA:182,1
DA:184,3
DA:187,0
DA:189,1
DA:190,1
DA:192,3
DA:195,0
DA:197,1
DA:198,1
DA:200,3
DA:203,0
DA:205,1
DA:206,1
DA:208,3
DA:211,0
DA:213,1
DA:214,1
DA:216,3
DA:219,0
DA:224,1
DA:225,1
DA:226,1
DA:227,1
DA:228,2
DA:230,1
DA:232,0
DA:233,1
DA:234,3
DA:236,2
DA:238,3
DA:240,2
DA:242,3
DA:244,2
DA:246,3
DA:248,2
DA:250,3
DA:252,2
DA:254,3
DA:256,2
DA:258,3
DA:260,2
DA:262,3
DA:264,2
DA:266,3
DA:268,2
DA:270,3
DA:272,2
DA:277,0
DA:279,0
DA:294,1
DA:306,0
DA:308,0
DA:309,0
DA:310,0
DA:311,0
DA:312,0
DA:313,0
DA:315,0
DA:316,0
DA:318,0
DA:319,0
DA:320,0
DA:321,0
DA:322,0
DA:326,0
DA:327,0
DA:328,0
DA:329,0
DA:330,0
DA:331,0
DA:333,0
DA:334,0
DA:336,0
DA:337,0
DA:338,0
DA:339,0
DA:340,0
DA:341,0
DA:345,0
DA:349,0
DA:350,0
DA:351,0
DA:352,0
DA:353,0
DA:354,0
DA:355,0
DA:356,0
DA:357,0
DA:358,0
DA:359,0
DA:360,0
DA:363,0
DA:365,0
DA:366,0
DA:367,0
DA:368,0
DA:369,0
DA:370,0
DA:371,0
DA:372,0
DA:373,0
DA:374,0
DA:375,0
DA:376,0
DA:380,0
DA:391,0
DA:392,0
DA:393,0
DA:394,0
DA:395,0
DA:396,0
DA:397,0
DA:398,0
DA:399,0
DA:400,0
DA:401,0
DA:403,0
DA:404,0
DA:405,0
DA:406,0
DA:407,0
DA:408,0
DA:409,0
DA:410,0
DA:411,0
DA:412,0
DA:413,0
DA:414,0
DA:415,0
DA:416,0
DA:417,0
DA:418,0
DA:422,0
DA:424,0
DA:425,0
DA:426,0
DA:427,0
DA:428,0
DA:429,0
DA:430,0
DA:431,0
DA:432,0
DA:433,0
DA:434,0
DA:435,0
DA:436,0
DA:439,0
DA:440,0
DA:441,0
DA:442,0
DA:443,0
DA:444,0
DA:445,0
DA:446,0
DA:447,0
DA:448,0
DA:449,0
DA:450,0
DA:452,0
DA:455,0
DA:456,0
DA:457,0
DA:458,0
DA:459,0
DA:460,0
DA:461,0
DA:462,0
DA:463,0
DA:464,0
DA:465,0
DA:479,1
DA:491,1
DA:502,1
DA:503,1
DA:504,1
DA:505,1
DA:506,1
DA:507,1
DA:508,1
DA:509,0
DA:521,0
DA:522,0
DA:523,0
DA:524,0
DA:525,0
DA:526,0
DA:527,0
DA:528,0
DA:529,0
DA:530,0
DA:531,0
DA:535,0
DA:547,0
DA:548,0
DA:549,0
DA:550,0
DA:551,0
DA:552,0
DA:553,0
DA:554,0
DA:555,0
DA:556,0
DA:557,0
DA:561,1
DA:563,1
DA:564,2
DA:565,0
DA:567,2
DA:568,4
DA:570,2
DA:571,4
DA:573,2
DA:574,4
DA:576,2
DA:577,4
DA:579,2
DA:580,4
DA:582,2
DA:583,4
DA:585,2
DA:586,4
DA:588,2
DA:589,4
DA:591,2
DA:592,4
DA:597,0
DA:599,0
DA:600,0
DA:601,0
DA:602,0
DA:603,0
DA:604,0
DA:605,0
DA:606,0
DA:607,0
DA:608,0
DA:609,0
DA:610,0
DA:611,0
DA:616,2
DA:617,0
DA:618,2
DA:619,0
DA:621,0
DA:622,1
DA:623,2
DA:653,0
DA:660,0
DA:661,0
DA:662,0
DA:665,0
DA:666,0
DA:667,0
DA:670,0
DA:671,0
DA:672,0
DA:675,0
DA:676,0
DA:677,0
DA:680,0
DA:681,0
DA:682,0
DA:685,0
DA:686,0
DA:687,0
DA:690,0
DA:691,0
DA:692,0
DA:695,0
DA:696,0
DA:697,0
DA:700,0
DA:701,0
DA:702,0
DA:705,0
DA:706,0
DA:707,0
DA:713,0
DA:720,0
DA:721,0
DA:722,0
DA:725,0
DA:726,0
DA:727,0
DA:730,0
DA:731,0
DA:732,0
DA:735,0
DA:736,0
DA:737,0
DA:740,0
DA:741,0
DA:742,0
DA:745,0
DA:746,0
DA:747,0
DA:750,0
DA:751,0
DA:752,0
DA:755,0
DA:756,0
DA:757,0
DA:760,0
DA:761,0
DA:762,0
DA:765,0
DA:766,0
DA:767,0
DA:773,0
DA:780,0
DA:781,0
DA:783,0
DA:784,0
DA:786,0
DA:787,0
DA:788,0
DA:791,0
DA:792,0
DA:793,0
DA:796,0
DA:797,0
DA:799,0
DA:800,0
DA:802,0
DA:803,0
DA:805,0
DA:806,0
DA:808,0
DA:809,0
DA:811,0
DA:812,0
DA:833,0
DA:834,0
DA:835,0
DA:838,0
DA:839,0
DA:840,0
DA:841,0
DA:842,0
DA:843,0
DA:845,0
DA:856,0
DA:869,0
DA:880,0
DA:892,0
DA:893,0
DA:894,0
DA:917,0
DA:918,0
DA:919,0
LF:408
LH:131
end_of_record
SF:lib\core\database\app_database.dart
DA:10,0
DA:13,0
DA:15,0
DA:17,0
DA:19,0
DA:21,0
DA:23,0
DA:25,0
DA:27,0
DA:29,0
DA:31,0
DA:33,0
DA:34,0
DA:35,0
DA:41,2
DA:43,1
DA:46,0
DA:47,0
LF:18
LH:2
end_of_record
SF:lib\features\sources\codec\source_json_codec.dart
DA:6,4
DA:7,4
DA:9,4
DA:10,8
DA:13,2
DA:14,2
DA:15,4
DA:16,2
DA:19,4
DA:28,1
DA:30,3
DA:31,1
DA:32,1
LF:13
LH:13
end_of_record
SF:lib\features\sources\codec\xbs_codec.dart
DA:29,2
DA:30,2
DA:31,1
DA:34,8
DA:35,4
DA:36,4
DA:38,2
DA:39,4
DA:41,2
DA:45,2
DA:46,10
DA:50,2
DA:51,4
DA:52,2
DA:53,2
DA:58,4
DA:59,2
DA:63,4
DA:66,2
DA:67,10
DA:71,2
DA:72,4
DA:73,2
DA:74,4
DA:77,4
DA:79,4
DA:80,4
DA:81,4
DA:84,6
DA:85,4
DA:86,10
DA:87,2
DA:90,2
DA:91,6
DA:92,8
DA:94,4
DA:97,2
DA:100,2
DA:101,10
DA:105,2
DA:106,4
DA:107,2
DA:108,4
DA:110,4
DA:111,2
DA:113,4
DA:114,4
DA:116,2
DA:117,6
DA:118,4
DA:119,10
DA:120,2
DA:123,4
DA:124,10
DA:125,2
DA:126,4
DA:129,2
DA:132,2
DA:140,10
DA:141,10
DA:142,4
DA:144,14
DA:145,4
DA:148,2
DA:149,6
DA:153,2
DA:154,2
DA:155,6
DA:156,4
DA:161,2
DA:162,6
DA:163,2
DA:164,6
DA:165,8
DA:170,4
LF:75
LH:75
end_of_record
SF:lib\features\sources\data\file_picker_source_file_picker.dart
DA:9,0
DA:11,0
DA:13,0
DA:22,0
DA:24,0
LF:5
LH:0
end_of_record
SF:lib\features\sources\data\sqlite_source_repository.dart
DA:12,1
DA:20,1
DA:22,4
DA:23,2
DA:24,3
DA:26,1
DA:27,3
DA:30,1
DA:32,4
DA:33,4
DA:34,1
DA:35,1
DA:38,1
DA:43,1
DA:45,1
DA:47,1
DA:50,1
DA:56,2
DA:57,1
DA:61,2
DA:62,3
DA:63,1
DA:64,3
DA:65,1
DA:66,5
DA:67,1
DA:69,1
DA:74,1
DA:80,1
DA:82,1
DA:83,1
DA:85,2
DA:88,4
DA:89,4
DA:90,1
DA:91,1
DA:92,1
DA:93,2
DA:94,2
DA:95,2
DA:96,2
DA:97,3
DA:98,3
DA:102,1
DA:103,0
DA:107,1
DA:109,4
DA:110,4
DA:111,1
DA:114,1
DA:120,1
DA:123,2
DA:124,2
DA:125,1
DA:126,1
DA:127,2
DA:133,1
DA:134,2
DA:135,1
DA:139,1
DA:140,1
DA:141,1
DA:142,1
DA:143,2
DA:144,2
DA:148,1
DA:149,1
DA:150,2
DA:151,1
LF:69
LH:68
end_of_record
SF:lib\features\sources\presentation\source_list.dart
DA:6,2
DA:13,2
DA:15,4
DA:21,1
DA:22,2
DA:23,1
DA:24,1
DA:25,2
DA:26,2
DA:28,1
DA:29,1
DA:30,2
DA:32,2
DA:33,3
LF:14
LH:14
end_of_record
